make all --print-data-base --no-builtin-variables --no-builtin-rules --question
make: *** No rule to make target 'src/modify_integers.o', needed by 'libftprintf.a'.  Stop.

# GNU Make 4.0
# Built for x86_64-pc-linux-gnu
# Copyright (C) 1988-2013 Free Software Foundation, Inc.
# License GPLv3+: GNU GPL version 3 or later <http://gnu.org/licenses/gpl.html>
# This is free software: you are free to change and redistribute it.
# There is NO WARRANTY, to the extent permitted by law.

# Make data base, printed on Fri Aug 26 18:49:23 2022

# Variables

# automatic
<D = $(patsubst %/,%,$(dir $<))
# automatic
?F = $(notdir $?)
# environment
DESKTOP_SESSION = gnome
# default
.SHELLFLAGS := -c
# makefile (from 'Makefile', line 33)
OBJ = $(addprefix $(OBJ_DIR), $(addsuffix .o, $(SRC_FILES)))
# makefile (from 'Makefile', line 20)
GRAY = \033[0;90m
# makefile (from 'Makefile', line 32)
SRC = $(addprefix $(SRC_DIR), $(addsuffix .c, $(SRC_FILES)))
# automatic
?D = $(patsubst %/,%,$(dir $?))
# automatic
@D = $(patsubst %/,%,$(dir $@))
# environment
XAUTHORITY = /home/desktop/.Xauthority
# environment
GDMSESSION = gnome
# default
MAKE_VERSION := 4.0
# makefile
CURDIR := /home/desktop/projects/printf
# makefile
SHELL = /bin/sh
# makefile (from 'Makefile', line 14)
RM = rm -f
# environment
VTE_VERSION = 3801
# environment
VSCODE_NLS_CONFIG = {"locale":"en-us","availableLanguages":{},"_languagePackSupport":true}
# environment
_ = /usr/bin/code
# makefile (from 'Makefile', line 13)
CFLAGS = -Wall -Werror -Wextra -O3 -fPIE
# makefile (from 'Makefile', line 24)
BLUE = \033[0;94m
# makefile (from 'Makefile', line 1)
MAKEFILE_LIST :=  Makefile
# automatic
@F = $(notdir $@)
# 'override' directive
GNUMAKEFLAGS := 
# makefile (from 'Makefile', line 9)
OBJ_DIR = src/
# environment
XDG_DATA_DIRS = /usr/share/gnome:/usr/local/share/:/usr/share/
# environment
DBUS_SESSION_BUS_ADDRESS = unix:abstract=/tmp/dbus-KW5TyafqgF,guid=8f5f21650903811654a8e5e46308bf22
# environment
VSCODE_CWD = /home/desktop/projects/printf
# makefile (from 'Makefile', line 5)
PRINTFLIB = ftprintf
# environment
XDG_SESSION_PATH = /org/freedesktop/DisplayManager/Session2
# default
MAKE_HOST := x86_64-pc-linux-gnu
# environment
PATH = /home/desktop/bin:/usr/local/bin:/usr/local/bin:/usr/bin:/bin:/usr/local/games:/usr/games
# environment
GPG_AGENT_INFO = /run/user/1000/keyring/gpg:0:1
# environment
LSCOLORS = Gxfxcxdxbxegedabagacad
# environment
SESSION_MANAGER = local/steamos:@/tmp/.ICE-unix/1550,unix/steamos:/tmp/.ICE-unix/1550
# environment
XDG_RUNTIME_DIR = /run/user/1000
# environment
WINDOWID = 20971526
# makefile (from 'Makefile', line 10)
TEST_DIR = test/
# makefile (from 'Makefile', line 11)
TEST_EXE = run_test
# makefile (from 'Makefile', line 15)
AR = ar rcs
# environment
XDG_MENU_PREFIX = gnome-
# environment
ELECTRON_RUN_AS_NODE = 1
# default
.FEATURES := target-specific order-only second-expansion else-if shortest-stem undefine oneshell archives jobserver output-sync check-symlink load
# environment
ELECTRON_NO_ATTACH_CONSOLE = 1
# environment
XDG_GREETER_DATA_DIR = /var/lib/lightdm/data/desktop
# environment
LS_COLORS = rs=0:di=01;34:ln=01;36:mh=00:pi=40;33:so=01;35:do=01;35:bd=40;33;01:cd=40;33;01:or=40;31;01:su=37;41:sg=30;43:ca=30;41:tw=30;42:ow=34;42:st=37;44:ex=01;32:*.tar=01;31:*.tgz=01;31:*.arc=01;31:*.arj=01;31:*.taz=01;31:*.lha=01;31:*.lz4=01;31:*.lzh=01;31:*.lzma=01;31:*.tlz=01;31:*.txz=01;31:*.tzo=01;31:*.t7z=01;31:*.zip=01;31:*.z=01;31:*.Z=01;31:*.dz=01;31:*.gz=01;31:*.lrz=01;31:*.lz=01;31:*.lzo=01;31:*.xz=01;31:*.bz2=01;31:*.bz=01;31:*.tbz=01;31:*.tbz2=01;31:*.tz=01;31:*.deb=01;31:*.rpm=01;31:*.jar=01;31:*.war=01;31:*.ear=01;31:*.sar=01;31:*.rar=01;31:*.alz=01;31:*.ace=01;31:*.zoo=01;31:*.cpio=01;31:*.7z=01;31:*.rz=01;31:*.cab=01;31:*.jpg=01;35:*.jpeg=01;35:*.gif=01;35:*.bmp=01;35:*.pbm=01;35:*.pgm=01;35:*.ppm=01;35:*.tga=01;35:*.xbm=01;35:*.xpm=01;35:*.tif=01;35:*.tiff=01;35:*.png=01;35:*.svg=01;35:*.svgz=01;35:*.mng=01;35:*.pcx=01;35:*.mov=01;35:*.mpg=01;35:*.mpeg=01;35:*.m2v=01;35:*.mkv=01;35:*.webm=01;35:*.ogm=01;35:*.mp4=01;35:*.m4v=01;35:*.mp4v=01;35:*.vob=01;35:*.qt=01;35:*.nuv=01;35:*.wmv=01;35:*.asf=01;35:*.rm=01;35:*.rmvb=01;35:*.flc=01;35:*.avi=01;35:*.fli=01;35:*.flv=01;35:*.gl=01;35:*.dl=01;35:*.xcf=01;35:*.xwd=01;35:*.yuv=01;35:*.cgm=01;35:*.emf=01;35:*.axv=01;35:*.anx=01;35:*.ogv=01;35:*.ogx=01;35:*.aac=00;36:*.au=00;36:*.flac=00;36:*.m4a=00;36:*.mid=00;36:*.midi=00;36:*.mka=00;36:*.mp3=00;36:*.mpc=00;36:*.ogg=00;36:*.ra=00;36:*.wav=00;36:*.axa=00;36:*.oga=00;36:*.spx=00;36:*.xspf=00;36:
# environment
SSH_AUTH_SOCK = /run/user/1000/keyring/ssh
# automatic
%F = $(notdir $%)
# environment
DISPLAY = :1
# makefile (from 'Makefile', line 30)
TEST_FILES = *
# environment
CLUTTER_VBLANK = True
# environment
PWD = /home/desktop/projects/printf
# environment
XDG_SEAT = seat0
# environment
SSH_AGENT_PID = 1573
# environment
ORIGINAL_XDG_CURRENT_DESKTOP = GNOME
# makefile (from 'Makefile', line 22)
GREEN = \033[0;92m
# environment
VSCODE_AMD_ENTRYPOINT = vs/workbench/api/node/extensionHostProcess
# environment
HOME = /home/desktop
# environment
VSCODE_CLI = 1
# environment
VSCODE_CODE_CACHE_PATH = /home/desktop/.config/Code/CachedData/e4503b30fc78200f846c62cf8091b76ff5547662
# environment
LOGNAME = desktop
# environment
APPLICATION_INSIGHTS_NO_DIAGNOSTIC_CHANNEL = true
# environment
ZSH = /home/desktop/.oh-my-zsh
# environment
VSCODE_HANDLES_UNCAUGHT_ERRORS = true
# environment
GNOME_DESKTOP_SESSION_ID = this-is-deprecated
# automatic
^D = $(patsubst %/,%,$(dir $^))
# environment
XDG_VTNR = 8
# makefile (from 'Makefile', line 34)
TEST = $(addprefix $(TEST_DIR), $(addsuffix .test.c, $(TEST_FILES)))
# environment
MAKELEVEL := 0
# default
MAKE = $(MAKE_COMMAND)
# default
MAKECMDGOALS := all
# makefile (from 'Makefile', line 19)
DEF_COLOR = \033[0;39m
# environment
SHLVL = 1
# makefile (from 'Makefile', line 27)
WHITE = \033[0;97m
# makefile (from 'Makefile', line 7)
LIBFT = libft
# makefile (from 'Makefile', line 12)
CC = gcc
# environment
XDG_SESSION_ID = 2
# environment
USER = desktop
# makefile
.DEFAULT_GOAL := all
# makefile (from 'Makefile', line 6)
INCLUDE = -I include
# environment
XDG_CURRENT_DESKTOP = GNOME
# makefile (from 'Makefile', line 4)
NAME = libftprintf.a
# environment
LESS = -R
# automatic
%D = $(patsubst %/,%,$(dir $%))
# default
MAKE_COMMAND := make
# environment
OLDPWD = /home/desktop/projects
# default
.VARIABLES := 
# automatic
*F = $(notdir $*)
# environment
XDG_SEAT_PATH = /org/freedesktop/DisplayManager/Seat0
# environment
VSCODE_IPC_HOOK = /run/user/1000/vscode-6a5f94ab-1.70.2-main.sock
# makefile (from 'Makefile', line 21)
RED = \033[0;91m
# makefile
MAKEFLAGS = pqrR
# environment
MFLAGS = -pqrR
# automatic
*D = $(patsubst %/,%,$(dir $*))
# automatic
+D = $(patsubst %/,%,$(dir $+))
# makefile (from 'Makefile', line 23)
YELLOW = \033[0;93m
# environment
GDK_BACKEND = x11
# makefile (from 'Makefile', line 26)
CYAN = \033[0;96m
# automatic
+F = $(notdir $+)
# environment
NO_AT_BRIDGE = 1
# default
MAKEFILES := 
# makefile (from 'Makefile', line 8)
SRC_DIR = src/
# automatic
<F = $(notdir $<)
# environment
PAGER = less
# environment
LC_ALL = C
# environment
SBX_CHROME_API_RQ = 1
# automatic
^F = $(notdir $^)
# makefile (from 'Makefile', line 29)
SRC_FILES = dstring formatting_a formatting_b ft_ftoa ft_itoabase handlers modifications printf ft_ftoa_helpers modify_integers
# default
SUFFIXES := 
# environment
CHROME_DESKTOP = code-url-handler.desktop
# default
.INCLUDE_DIRS = /usr/include /usr/local/include /usr/include
# makefile (from 'Makefile', line 25)
MAGENTA = \033[0;95m
# default
.RECIPEPREFIX := 
# environment
CLUTTER_PAINT = disable-clipped-redraws:disable-culling
# environment
LANG = C
# environment
TERM = xterm
# environment
VSCODE_PID = 14829
# variable set hash-table stats:
# Load=116/1024=11%, Rehash=0, Collisions=16/146=11%

# Pattern-specific Variable Values

# No pattern-specific variable values.

# Directories

# . (device 66309, inode 4197870): 14 files, no impossibilities.

# 14 files, no impossibilities in 1 directories.

# Implicit Rules

# No implicit rules.

# Files

all: libftprintf.a
#  Phony target (prerequisite of .PHONY).
#  Command line target.
#  Implicit rule search has not been done.
#  File does not exist.
#  File has not been updated.

.PHONY: all clean fclean re norm
#  Implicit rule search has not been done.
#  Modification time never checked.
#  File has not been updated.

# Not a target:
src/modifications.o:
#  Implicit rule search has been done.
#  Last modified 2022-08-26 18:45:04.976033633
#  File has been updated.
#  Successfully updated.

# Not a target:
src/ft_itoabase.o:
#  Implicit rule search has been done.
 
#  Last modified 2022-08-26 18:45:04.896034776
#  File has been updated.
#  Successfully updated.

# Not a target:
Makefile:
#  Implicit rule search has been done.
#  Last modified 2022-08-26 18:49:15.756446985
#  File has been updated.
#  Successfully updated.

# Not a target:
src/formatting_a.o:
#  Implicit rule search has been done.
#  Last modified 2022-08-26 18:45:04.764036664
#  File has been updated.
#  Successfully updated.

test: re
#  Implicit rule search has not been done.
#  Modification time never checked.
#  File has not been updated.
#  recipe to execute (from 'Makefile', line 63):
			${CC} ${TEST} -L . -l ${PRINTFLIB} -o ${TEST_EXE}
			./${TEST_EXE}
			

fclean: clean
#  Phony target (prerequisite of .PHONY).
#  Implicit rule search has not been done.
#  File does not exist.
#  File has not been updated.
#  recipe to execute (from 'Makefile', line 51):
			@$(RM) -f $(NAME)
			@$(RM) -f $(LIBFT)/libft.a
			@echo "$(CYAN)ft_printf executable files cleaned!$(DEF_COLOR)"
			@echo "$(CYAN)libft executable files cleaned!$(DEF_COLOR)"

# Not a target:
src/formatting_b.o:
#  Implicit rule search has been done.
#  Last modified 2022-08-26 18:45:04.820035864
#  File has been updated.
#  Successfully updated.

norm:
#  Phony target (prerequisite of .PHONY).
#  Implicit rule search has not been done.
#  File does not exist.
#  File has not been updated.
#  recipe to execute (from 'Makefile', line 60):
			@norminette $(SRC) $(INCLUDE) $(LIBFT) | grep -v Norme -B1 || true

# Not a target:
.DEFAULT:
#  Implicit rule search has not been done.
#  Modification time never checked.
#  File has not been updated.

# Not a target:
src/ft_ftoa_helpers.o:
#  Implicit rule search has been done.
#  Last modified 2022-08-26 18:45:05.052032545
#  File has been updated.
#  Successfully updated.

re: fclean all
#  Phony target (prerequisite of .PHONY).
#  Implicit rule search has not been done.
#  File does not exist.
#  File has not been updated.
#  recipe to execute (from 'Makefile', line 57):
			@echo "$(GREEN)Cleaned and rebuilt everything for ft_printf!$(DEF_COLOR)"

clean:
#  Phony target (prerequisite of .PHONY).
#  Implicit rule search has not been done.
#  File does not exist.
#  File has not been updated.
#  recipe to execute (from 'Makefile', line 46):
			@$(RM) -rf $(OBJ)
			@make clean -C $(LIBFT)
			@echo "$(BLUE)ft_printf object files cleaned!$(DEF_COLOR)"

# Not a target:
src/modify_integers.o:
#  Implicit rule search has been done.
#  File does not exist.
#  File has not been updated.

# Not a target:
src/ft_ftoa.o:
#  Implicit rule search has been done.
#  Last modified 2022-08-26 18:45:04.864035234
#  File has been updated.
#  Successfully updated.

# Not a target:
src/handlers.o:
#  Implicit rule search has been done.
#  Last modified 2022-08-26 18:45:04.932034261
#  File has been updated.
#  Successfully updated.

libftprintf.a: src/dstring.o src/formatting_a.o src/formatting_b.o src/ft_ftoa.o src/ft_itoabase.o src/handlers.o src/modifications.o src/printf.o src/ft_ftoa_helpers.o src/modify_integers.o
#  Implicit rule search has not been done.
#  Last modified 2022-08-26 18:45:06.076017901
#  File has not been updated.
#  recipe to execute (from 'Makefile', line 39):
			@make -C $(LIBFT)
			@cp libft/libft.a .
			@mv libft.a $(NAME)
			@$(AR) $(NAME) $(OBJ)
			@echo "$(GREEN)ft_printf compiled!$(DEF_COLOR)"

# Not a target:
src/printf.o:
#  Implicit rule search has been done.
#  Last modified 2022-08-26 18:45:05.024032946
#  File has been updated.
#  Successfully updated.

# Not a target:
src/dstring.o:
#  Implicit rule search has been done.
#  Last modified 2022-08-26 18:45:04.712037408
#  File has been updated.
#  Successfully updated.

# files hash-table stats:
# Load=21/1024=2%, Rehash=0, Collisions=0/53=0%
# VPATH Search Paths

# No 'vpath' search paths.

# No general ('VPATH' variable) search path.

# strcache buffers: 1 (0) / strings = 34 / storage = 356 B / avg = 10 B
# current buf: size = 8162 B / used = 356 B / count = 34 / avg = 10 B

# strcache performance: lookups = 59 / hit rate = 42%
# hash-table stats:
# Load=34/8192=0%, Rehash=0, Collisions=1/59=2%
# Finished Make data base on Fri Aug 26 18:49:23 2022

 
